<?xml version="1.0" encoding="UTF-8"?>
<TestRun id="d5be69ed-4c53-497b-ab44-a77e9217e3cd" name="Guzel@DESKTOP-NUI8D8R 2015-11-14 18:41:56" runUser="DESKTOP-NUI8D8R\Guzel" xmlns="http://microsoft.com/schemas/VisualStudio/TeamTest/2010">
  <TestSettings name="Default Test Settings" id="d0ad0bb3-7175-4809-8094-a8da1f241be9">
    <Execution>
      <TestTypeSpecific />
      <AgentRule name="Execution Agents">
      </AgentRule>
    </Execution>
    <Deployment runDeploymentRoot="Guzel_DESKTOP-NUI8D8R 2015-11-14 18_41_56" />
    <Properties />
  </TestSettings>
  <Times creation="2015-11-14T18:41:56.7086939+03:00" queuing="2015-11-14T18:41:57.1512947+03:00" start="2015-11-14T18:41:57.3417107+03:00" finish="2015-11-14T18:41:57.7885286+03:00" />
  <ResultSummary outcome="Completed">
    <Counters total="1" executed="1" passed="1" error="0" failed="0" timeout="0" aborted="0" inconclusive="0" passedButRunAborted="0" notRunnable="0" notExecuted="0" disconnected="0" warning="0" completed="0" inProgress="0" pending="0" />
  </ResultSummary>
  <TestDefinitions>
    <UnitTest name="TestMethod1" storage="c:\users\guzel\desktop\lol\geometric-task\unittestproject1\bin\debug\unittestproject1.dll" id="5b688acc-bf10-4c7e-4b60-69d8596bdd90">
      <Execution id="97e9dce1-2a4c-45c0-a5b6-b4e8f762c329" />
      <TestMethod codeBase="C:/Users/Guzel/Desktop/lol/Geometric-task/UnitTestProject1/bin/Debug/UnitTestProject1.DLL" adapterTypeName="Microsoft.VisualStudio.TestTools.TestTypes.Unit.UnitTestAdapter, Microsoft.VisualStudio.QualityTools.Tips.UnitTest.Adapter, Version=14.0.0.0, Culture=neutral, PublicKeyToken=b03f5f7f11d50a3a" className="UnitTestProject1.UnitTest1, UnitTestProject1, Version=1.0.0.0, Culture=neutral, PublicKeyToken=null" name="TestMethod1" />
    </UnitTest>
  </TestDefinitions>
  <TestLists>
    <TestList name="Results Not in a List" id="8c84fa94-04c1-424b-9868-57a2d4851a1d" />
    <TestList name="All Loaded Results" id="19431567-8539-422a-85d7-44ee4e166bda" />
  </TestLists>
  <TestEntries>
    <TestEntry testId="5b688acc-bf10-4c7e-4b60-69d8596bdd90" executionId="97e9dce1-2a4c-45c0-a5b6-b4e8f762c329" testListId="8c84fa94-04c1-424b-9868-57a2d4851a1d" />
  </TestEntries>
  <Results>
    <UnitTestResult executionId="97e9dce1-2a4c-45c0-a5b6-b4e8f762c329" testId="5b688acc-bf10-4c7e-4b60-69d8596bdd90" testName="TestMethod1" computerName="DESKTOP-NUI8D8R" duration="00:00:00.0209089" startTime="2015-11-14T18:41:57.3842411+03:00" endTime="2015-11-14T18:41:57.7104731+03:00" testType="13cdc9d9-ddb5-4fa4-a97d-d965ccfc6d4b" outcome="Passed" testListId="8c84fa94-04c1-424b-9868-57a2d4851a1d" relativeResultsDirectory="97e9dce1-2a4c-45c0-a5b6-b4e8f762c329">
    </UnitTestResult>
  </Results>
</TestRun>